ABC. cC.  cC.  cC.  cC.  cC.  cC.  cC.  
26 9

AABC.cC.  cC.  cC.  cC.  cC.  cC.  cC.  
25 8

ABABccBB. bbC. cC.  cC.  cC.  cC.  cC.  
27 10

BBACBBCACBBBbBBCBCAB
15 5

ABCABCA..AC.B. CB...AAC.BC..B.C..A..BC..ACA..BC.B..AB..CBA. 
48 15

ABCCABACCABCCCCBABA.CAC.BCCAB.CCBA..CBCAcCACBcCCCCBACCBACABC
50 8

BCDBCDBACBD.aC.DC...BBD.DCDBC.D..B..dCDBdDB..CD.DCDBC..DCB. 
53 11

BCDBCDBAABCDdDCCCDB.DB. dCDBC.D..B..dCDBdDB..CD.DCDBC..DCB. 
53 9

BCABC...CB. 
9 2

BCABCAB..B. 
10 3

BCABCABACB. 
11 3

BCABCABAABC.
11 3

BCABCABAAABC
10 2

BBCBBCBBABBC
8 0

BCCBCCBACBC.
11 3

